{"/home/mateus/Documents/Projetos/Projeto_20_battlePoke/battlePoke_API/src/app.ts": {"path":"/home/mateus/Documents/Projetos/Projeto_20_battlePoke/battlePoke_API/src/app.ts","statementMap":{"0":{"start":{"line":8,"column":12},"end":{"line":8,"column":21}},"1":{"start":{"line":10,"column":0},"end":{"line":10,"column":16}},"2":{"start":{"line":11,"column":0},"end":{"line":11,"column":16}},"3":{"start":{"line":12,"column":0},"end":{"line":12,"column":16}},"4":{"start":{"line":14,"column":0},"end":{"line":14,"column":48}}},"fnMap":{},"branchMap":{},"s":{"0":1,"1":1,"2":1,"3":1,"4":1},"f":{},"b":{}}
,"/home/mateus/Documents/Projetos/Projeto_20_battlePoke/battlePoke_API/src/database.ts": {"path":"/home/mateus/Documents/Projetos/Projeto_20_battlePoke/battlePoke_API/src/database.ts","statementMap":{"0":{"start":{"line":3,"column":25},"end":{"line":3,"column":28}},"1":{"start":{"line":4,"column":22},"end":{"line":4,"column":40}}},"fnMap":{},"branchMap":{},"s":{"0":2,"1":2},"f":{},"b":{}}
,"/home/mateus/Documents/Projetos/Projeto_20_battlePoke/battlePoke_API/src/setup.ts": {"path":"/home/mateus/Documents/Projetos/Projeto_20_battlePoke/battlePoke_API/src/setup.ts","statementMap":{"0":{"start":{"line":2,"column":0},"end":{"line":2,"column":16}}},"fnMap":{},"branchMap":{},"s":{"0":1},"f":{},"b":{}}
,"/home/mateus/Documents/Projetos/Projeto_20_battlePoke/battlePoke_API/src/controllers/battleController.ts": {"path":"/home/mateus/Documents/Projetos/Projeto_20_battlePoke/battlePoke_API/src/controllers/battleController.ts","statementMap":{"0":{"start":{"line":5,"column":33},"end":{"line":5,"column":41}},"1":{"start":{"line":6,"column":19},"end":{"line":6,"column":29}},"2":{"start":{"line":8,"column":17},"end":{"line":8,"column":72}},"3":{"start":{"line":9,"column":2},"end":{"line":9,"column":31}},"4":{"start":{"line":13,"column":13},"end":{"line":13,"column":36}},"5":{"start":{"line":15,"column":17},"end":{"line":15,"column":49}},"6":{"start":{"line":16,"column":2},"end":{"line":16,"column":19}},"7":{"start":{"line":20,"column":19},"end":{"line":20,"column":29}},"8":{"start":{"line":22,"column":18},"end":{"line":22,"column":57}},"9":{"start":{"line":23,"column":2},"end":{"line":23,"column":20}},"10":{"start":{"line":27,"column":15},"end":{"line":27,"column":23}},"11":{"start":{"line":28,"column":17},"end":{"line":28,"column":25}},"12":{"start":{"line":30,"column":2},"end":{"line":30,"column":39}},"13":{"start":{"line":31,"column":2},"end":{"line":31,"column":22}}},"fnMap":{"0":{"name":"create","decl":{"start":{"line":4,"column":15},"end":{"line":4,"column":21}},"loc":{"start":{"line":4,"column":49},"end":{"line":10,"column":null}}},"1":{"name":"findById","decl":{"start":{"line":12,"column":15},"end":{"line":12,"column":23}},"loc":{"start":{"line":12,"column":51},"end":{"line":17,"column":null}}},"2":{"name":"findByUser","decl":{"start":{"line":19,"column":15},"end":{"line":19,"column":25}},"loc":{"start":{"line":19,"column":53},"end":{"line":24,"column":null}}},"3":{"name":"update","decl":{"start":{"line":26,"column":15},"end":{"line":26,"column":21}},"loc":{"start":{"line":26,"column":49},"end":{"line":32,"column":null}}}},"branchMap":{},"s":{"0":1,"1":1,"2":1,"3":1,"4":1,"5":1,"6":1,"7":1,"8":1,"9":1,"10":1,"11":1,"12":1,"13":1},"f":{"0":1,"1":1,"2":1,"3":1},"b":{}}
,"/home/mateus/Documents/Projetos/Projeto_20_battlePoke/battlePoke_API/src/controllers/cardController.ts": {"path":"/home/mateus/Documents/Projetos/Projeto_20_battlePoke/battlePoke_API/src/controllers/cardController.ts","statementMap":{"0":{"start":{"line":7,"column":19},"end":{"line":7,"column":29}},"1":{"start":{"line":8,"column":16},"end":{"line":8,"column":53}},"2":{"start":{"line":10,"column":2},"end":{"line":10,"column":18}},"3":{"start":{"line":14,"column":16},"end":{"line":14,"column":40}},"4":{"start":{"line":15,"column":2},"end":{"line":15,"column":18}},"5":{"start":{"line":19,"column":19},"end":{"line":19,"column":29}},"6":{"start":{"line":20,"column":22},"end":{"line":20,"column":36}},"7":{"start":{"line":22,"column":2},"end":{"line":22,"column":60}},"8":{"start":{"line":23,"column":2},"end":{"line":23,"column":22}},"9":{"start":{"line":27,"column":16},"end":{"line":27,"column":48}},"10":{"start":{"line":29,"column":16},"end":{"line":29,"column":77}},"11":{"start":{"line":30,"column":2},"end":{"line":30,"column":18}},"12":{"start":{"line":34,"column":19},"end":{"line":34,"column":48}},"13":{"start":{"line":36,"column":16},"end":{"line":36,"column":58}},"14":{"start":{"line":37,"column":2},"end":{"line":37,"column":18}},"15":{"start":{"line":41,"column":19},"end":{"line":41,"column":29}},"16":{"start":{"line":43,"column":15},"end":{"line":43,"column":49}},"17":{"start":{"line":44,"column":2},"end":{"line":44,"column":17}},"18":{"start":{"line":48,"column":24},"end":{"line":48,"column":32}},"19":{"start":{"line":49,"column":19},"end":{"line":49,"column":29}},"20":{"start":{"line":51,"column":18},"end":{"line":51,"column":65}},"21":{"start":{"line":52,"column":2},"end":{"line":52,"column":32}},"22":{"start":{"line":56,"column":20},"end":{"line":56,"column":43}},"23":{"start":{"line":57,"column":19},"end":{"line":57,"column":29}},"24":{"start":{"line":59,"column":2},"end":{"line":59,"column":47}},"25":{"start":{"line":60,"column":2},"end":{"line":60,"column":22}}},"fnMap":{"0":{"name":"findByUser","decl":{"start":{"line":6,"column":15},"end":{"line":6,"column":25}},"loc":{"start":{"line":6,"column":53},"end":{"line":11,"column":null}}},"1":{"name":"find","decl":{"start":{"line":13,"column":15},"end":{"line":13,"column":19}},"loc":{"start":{"line":13,"column":47},"end":{"line":16,"column":null}}},"2":{"name":"createPokemonUser","decl":{"start":{"line":18,"column":15},"end":{"line":18,"column":32}},"loc":{"start":{"line":18,"column":60},"end":{"line":24,"column":null}}},"3":{"name":"findPokemonsByLevel","decl":{"start":{"line":26,"column":15},"end":{"line":26,"column":34}},"loc":{"start":{"line":26,"column":62},"end":{"line":31,"column":null}}},"4":{"name":"findByBattleId","decl":{"start":{"line":33,"column":15},"end":{"line":33,"column":29}},"loc":{"start":{"line":33,"column":57},"end":{"line":38,"column":null}}},"5":{"name":"findByName","decl":{"start":{"line":40,"column":15},"end":{"line":40,"column":25}},"loc":{"start":{"line":40,"column":53},"end":{"line":45,"column":null}}},"6":{"name":"evolution","decl":{"start":{"line":47,"column":15},"end":{"line":47,"column":24}},"loc":{"start":{"line":47,"column":52},"end":{"line":53,"column":null}}},"7":{"name":"remove","decl":{"start":{"line":55,"column":15},"end":{"line":55,"column":21}},"loc":{"start":{"line":55,"column":49},"end":{"line":61,"column":null}}}},"branchMap":{},"s":{"0":1,"1":1,"2":1,"3":1,"4":1,"5":1,"6":1,"7":1,"8":1,"9":1,"10":1,"11":1,"12":1,"13":1,"14":1,"15":1,"16":1,"17":1,"18":1,"19":1,"20":1,"21":1,"22":1,"23":1,"24":1,"25":1},"f":{"0":1,"1":1,"2":1,"3":1,"4":1,"5":1,"6":1,"7":1},"b":{}}
,"/home/mateus/Documents/Projetos/Projeto_20_battlePoke/battlePoke_API/src/controllers/userController.ts": {"path":"/home/mateus/Documents/Projetos/Projeto_20_battlePoke/battlePoke_API/src/controllers/userController.ts","statementMap":{"0":{"start":{"line":6,"column":19},"end":{"line":6,"column":22}},"1":{"start":{"line":7,"column":2},"end":{"line":7,"column":33}},"2":{"start":{"line":9,"column":2},"end":{"line":9,"column":22}},"3":{"start":{"line":13,"column":19},"end":{"line":13,"column":22}},"4":{"start":{"line":14,"column":16},"end":{"line":14,"column":49}},"5":{"start":{"line":16,"column":2},"end":{"line":16,"column":22}},"6":{"start":{"line":20,"column":19},"end":{"line":20,"column":29}},"7":{"start":{"line":21,"column":2},"end":{"line":21,"column":50}},"8":{"start":{"line":21,"column":13},"end":{"line":21,"column":50}},"9":{"start":{"line":23,"column":2},"end":{"line":23,"column":17}},"10":{"start":{"line":27,"column":2},"end":{"line":27,"column":22}},"11":{"start":{"line":31,"column":20},"end":{"line":31,"column":28}},"12":{"start":{"line":32,"column":19},"end":{"line":32,"column":29}},"13":{"start":{"line":34,"column":2},"end":{"line":34,"column":48}},"14":{"start":{"line":35,"column":2},"end":{"line":35,"column":22}}},"fnMap":{"0":{"name":"create","decl":{"start":{"line":5,"column":15},"end":{"line":5,"column":21}},"loc":{"start":{"line":5,"column":49},"end":{"line":10,"column":null}}},"1":{"name":"valid","decl":{"start":{"line":12,"column":15},"end":{"line":12,"column":20}},"loc":{"start":{"line":12,"column":48},"end":{"line":17,"column":null}}},"2":{"name":"findByIdOrFail","decl":{"start":{"line":19,"column":15},"end":{"line":19,"column":29}},"loc":{"start":{"line":19,"column":57},"end":{"line":24,"column":null}}},"3":{"name":"responseToken","decl":{"start":{"line":26,"column":15},"end":{"line":26,"column":28}},"loc":{"start":{"line":26,"column":56},"end":{"line":28,"column":null}}},"4":{"name":"updateLevel","decl":{"start":{"line":30,"column":15},"end":{"line":30,"column":26}},"loc":{"start":{"line":30,"column":54},"end":{"line":36,"column":null}}}},"branchMap":{"0":{"loc":{"start":{"line":21,"column":2},"end":{"line":21,"column":50}},"type":"if","locations":[{"start":{"line":21,"column":2},"end":{"line":21,"column":50}}]}},"s":{"0":1,"1":1,"2":1,"3":2,"4":2,"5":2,"6":1,"7":1,"8":0,"9":1,"10":0,"11":1,"12":1,"13":1,"14":1},"f":{"0":1,"1":2,"2":1,"3":0,"4":1},"b":{"0":[0]}}
,"/home/mateus/Documents/Projetos/Projeto_20_battlePoke/battlePoke_API/src/middlewares/ensureAuthenticatedMiddleware.ts": {"path":"/home/mateus/Documents/Projetos/Projeto_20_battlePoke/battlePoke_API/src/middlewares/ensureAuthenticatedMiddleware.ts","statementMap":{"0":{"start":{"line":11,"column":24},"end":{"line":11,"column":59}},"1":{"start":{"line":12,"column":2},"end":{"line":13,"column":75}},"2":{"start":{"line":13,"column":4},"end":{"line":13,"column":75}},"3":{"start":{"line":15,"column":16},"end":{"line":15,"column":52}},"4":{"start":{"line":16,"column":2},"end":{"line":16,"column":70}},"5":{"start":{"line":16,"column":14},"end":{"line":16,"column":70}},"6":{"start":{"line":18,"column":2},"end":{"line":28,"column":null}},"7":{"start":{"line":19,"column":23},"end":{"line":19,"column":null}},"8":{"start":{"line":22,"column":17},"end":{"line":22,"column":51}},"9":{"start":{"line":23,"column":4},"end":{"line":23,"column":27}},"10":{"start":{"line":25,"column":4},"end":{"line":25,"column":11}},"11":{"start":{"line":27,"column":4},"end":{"line":27,"column":60}}},"fnMap":{"0":{"name":"ensureAuthenticatedMiddleware","decl":{"start":{"line":6,"column":22},"end":{"line":6,"column":51}},"loc":{"start":{"line":9,"column":20},"end":{"line":29,"column":null}}}},"branchMap":{"0":{"loc":{"start":{"line":12,"column":2},"end":{"line":13,"column":75}},"type":"if","locations":[{"start":{"line":12,"column":2},"end":{"line":13,"column":75}}]},"1":{"loc":{"start":{"line":16,"column":2},"end":{"line":16,"column":70}},"type":"if","locations":[{"start":{"line":16,"column":2},"end":{"line":16,"column":70}}]}},"s":{"0":14,"1":14,"2":0,"3":14,"4":14,"5":0,"6":14,"7":14,"8":14,"9":14,"10":14,"11":0},"f":{"0":14},"b":{"0":[0],"1":[0]}}
,"/home/mateus/Documents/Projetos/Projeto_20_battlePoke/battlePoke_API/src/middlewares/validateSchemaMiddleware.ts": {"path":"/home/mateus/Documents/Projetos/Projeto_20_battlePoke/battlePoke_API/src/middlewares/validateSchemaMiddleware.ts","statementMap":{"0":{"start":{"line":5,"column":2},"end":{"line":12,"column":4}},"1":{"start":{"line":6,"column":23},"end":{"line":6,"column":48}},"2":{"start":{"line":7,"column":4},"end":{"line":9,"column":null}},"3":{"start":{"line":8,"column":6},"end":{"line":8,"column":71}},"4":{"start":{"line":11,"column":4},"end":{"line":11,"column":11}}},"fnMap":{"0":{"name":"validateSchemaMiddleware","decl":{"start":{"line":4,"column":16},"end":{"line":4,"column":40}},"loc":{"start":{"line":4,"column":61},"end":{"line":13,"column":1}}},"1":{"name":"(anonymous_1)","decl":{"start":{"line":5,"column":9},"end":{"line":5,"column":10}},"loc":{"start":{"line":5,"column":61},"end":{"line":12,"column":3}}}},"branchMap":{"0":{"loc":{"start":{"line":7,"column":4},"end":{"line":9,"column":null}},"type":"if","locations":[{"start":{"line":7,"column":4},"end":{"line":9,"column":null}}]}},"s":{"0":5,"1":6,"2":6,"3":0,"4":6},"f":{"0":5,"1":6},"b":{"0":[0]}}
,"/home/mateus/Documents/Projetos/Projeto_20_battlePoke/battlePoke_API/src/repositories/battlePokemonRepository.ts": {"path":"/home/mateus/Documents/Projetos/Projeto_20_battlePoke/battlePoke_API/src/repositories/battlePokemonRepository.ts","statementMap":{"0":{"start":{"line":4,"column":15},"end":{"line":4,"column":77}},"1":{"start":{"line":4,"column":48},"end":{"line":4,"column":75}},"2":{"start":{"line":6,"column":2},"end":{"line":6,"column":50}},"3":{"start":{"line":10,"column":26},"end":{"line":12,"column":4}},"4":{"start":{"line":13,"column":2},"end":{"line":13,"column":25}}},"fnMap":{"0":{"name":"create","decl":{"start":{"line":3,"column":15},"end":{"line":3,"column":21}},"loc":{"start":{"line":3,"column":66},"end":{"line":7,"column":null}}},"1":{"name":"(anonymous_9)","decl":{"start":{"line":4,"column":31},"end":{"line":4,"column":32}},"loc":{"start":{"line":4,"column":48},"end":{"line":4,"column":75}}},"2":{"name":"findByBattleId","decl":{"start":{"line":9,"column":15},"end":{"line":9,"column":29}},"loc":{"start":{"line":9,"column":46},"end":{"line":14,"column":null}}}},"branchMap":{},"s":{"0":1,"1":16,"2":1,"3":1,"4":1},"f":{"0":1,"1":16,"2":1},"b":{}}
,"/home/mateus/Documents/Projetos/Projeto_20_battlePoke/battlePoke_API/src/repositories/battleRepository.ts": {"path":"/home/mateus/Documents/Projetos/Projeto_20_battlePoke/battlePoke_API/src/repositories/battleRepository.ts","statementMap":{"0":{"start":{"line":11,"column":17},"end":{"line":18,"column":4}},"1":{"start":{"line":20,"column":2},"end":{"line":20,"column":16}},"2":{"start":{"line":24,"column":17},"end":{"line":27,"column":4}},"3":{"start":{"line":28,"column":2},"end":{"line":28,"column":16}},"4":{"start":{"line":32,"column":17},"end":{"line":32,"column":66}},"5":{"start":{"line":33,"column":2},"end":{"line":33,"column":16}},"6":{"start":{"line":37,"column":18},"end":{"line":37,"column":69}},"7":{"start":{"line":38,"column":2},"end":{"line":38,"column":17}}},"fnMap":{"0":{"name":"create","decl":{"start":{"line":10,"column":15},"end":{"line":10,"column":21}},"loc":{"start":{"line":10,"column":56},"end":{"line":21,"column":null}}},"1":{"name":"update","decl":{"start":{"line":23,"column":15},"end":{"line":23,"column":21}},"loc":{"start":{"line":23,"column":52},"end":{"line":29,"column":null}}},"2":{"name":"findById","decl":{"start":{"line":31,"column":15},"end":{"line":31,"column":23}},"loc":{"start":{"line":31,"column":34},"end":{"line":34,"column":null}}},"3":{"name":"findByUser","decl":{"start":{"line":36,"column":15},"end":{"line":36,"column":25}},"loc":{"start":{"line":36,"column":40},"end":{"line":39,"column":null}}}},"branchMap":{},"s":{"0":1,"1":1,"2":1,"3":1,"4":1,"5":1,"6":1,"7":1},"f":{"0":1,"1":1,"2":1,"3":1},"b":{}}
,"/home/mateus/Documents/Projetos/Projeto_20_battlePoke/battlePoke_API/src/repositories/cardRepository.ts": {"path":"/home/mateus/Documents/Projetos/Projeto_20_battlePoke/battlePoke_API/src/repositories/cardRepository.ts","statementMap":{"0":{"start":{"line":17,"column":20},"end":{"line":30,"column":5}},"1":{"start":{"line":17,"column":49},"end":{"line":30,"column":4}},"2":{"start":{"line":28,"column":30},"end":{"line":28,"column":48}},"3":{"start":{"line":32,"column":2},"end":{"line":32,"column":19}},"4":{"start":{"line":36,"column":16},"end":{"line":45,"column":4}},"5":{"start":{"line":47,"column":2},"end":{"line":47,"column":31}},"6":{"start":{"line":51,"column":16},"end":{"line":61,"column":4}},"7":{"start":{"line":63,"column":2},"end":{"line":63,"column":36}},"8":{"start":{"line":67,"column":16},"end":{"line":77,"column":4}},"9":{"start":{"line":79,"column":2},"end":{"line":79,"column":36}},"10":{"start":{"line":83,"column":15},"end":{"line":101,"column":4}},"11":{"start":{"line":103,"column":19},"end":{"line":104,"column":null}},"12":{"start":{"line":104,"column":57},"end":{"line":104,"column":76}},"13":{"start":{"line":107,"column":2},"end":{"line":107,"column":34}},"14":{"start":{"line":111,"column":2},"end":{"line":111,"column":48}},"15":{"start":{"line":115,"column":16},"end":{"line":129,"column":4}},"16":{"start":{"line":131,"column":19},"end":{"line":131,"column":52}},"17":{"start":{"line":131,"column":39},"end":{"line":131,"column":51}},"18":{"start":{"line":132,"column":2},"end":{"line":132,"column":34}}},"fnMap":{"0":{"name":"formatPokemons","decl":{"start":{"line":16,"column":9},"end":{"line":16,"column":23}},"loc":{"start":{"line":16,"column":44},"end":{"line":33,"column":1}}},"1":{"name":"(anonymous_8)","decl":{"start":{"line":17,"column":33},"end":{"line":17,"column":34}},"loc":{"start":{"line":17,"column":49},"end":{"line":30,"column":4}}},"2":{"name":"(anonymous_9)","decl":{"start":{"line":28,"column":6},"end":{"line":28,"column":7}},"loc":{"start":{"line":28,"column":30},"end":{"line":28,"column":48}}},"3":{"name":"find","decl":{"start":{"line":35,"column":15},"end":{"line":35,"column":19}},"loc":{"start":{"line":35,"column":19},"end":{"line":48,"column":null}}},"4":{"name":"findById","decl":{"start":{"line":50,"column":15},"end":{"line":50,"column":23}},"loc":{"start":{"line":50,"column":34},"end":{"line":64,"column":null}}},"5":{"name":"findByName","decl":{"start":{"line":66,"column":15},"end":{"line":66,"column":25}},"loc":{"start":{"line":66,"column":38},"end":{"line":80,"column":null}}},"6":{"name":"findByUser","decl":{"start":{"line":82,"column":15},"end":{"line":82,"column":25}},"loc":{"start":{"line":82,"column":36},"end":{"line":108,"column":null}}},"7":{"name":"(anonymous_18)","decl":{"start":{"line":104,"column":4},"end":{"line":104,"column":5}},"loc":{"start":{"line":104,"column":57},"end":{"line":104,"column":76}}},"8":{"name":"createPokemonUser","decl":{"start":{"line":110,"column":15},"end":{"line":110,"column":32}},"loc":{"start":{"line":110,"column":67},"end":{"line":112,"column":null}}},"9":{"name":"findPokemonsBattleByLevel","decl":{"start":{"line":114,"column":15},"end":{"line":114,"column":40}},"loc":{"start":{"line":114,"column":61},"end":{"line":133,"column":null}}},"10":{"name":"(anonymous_23)","decl":{"start":{"line":131,"column":29},"end":{"line":131,"column":30}},"loc":{"start":{"line":131,"column":39},"end":{"line":131,"column":51}}}},"branchMap":{},"s":{"0":9,"1":29,"2":37,"3":9,"4":1,"5":1,"6":4,"7":4,"8":2,"9":2,"10":1,"11":1,"12":1,"13":1,"14":1,"15":1,"16":1,"17":3,"18":1},"f":{"0":9,"1":29,"2":37,"3":1,"4":4,"5":2,"6":1,"7":1,"8":1,"9":1,"10":3},"b":{}}
,"/home/mateus/Documents/Projetos/Projeto_20_battlePoke/battlePoke_API/src/repositories/pokemonUserRepository.ts": {"path":"/home/mateus/Documents/Projetos/Projeto_20_battlePoke/battlePoke_API/src/repositories/pokemonUserRepository.ts","statementMap":{"0":{"start":{"line":9,"column":22},"end":{"line":11,"column":4}},"1":{"start":{"line":13,"column":2},"end":{"line":13,"column":21}},"2":{"start":{"line":17,"column":22},"end":{"line":20,"column":4}},"3":{"start":{"line":21,"column":2},"end":{"line":21,"column":21}},"4":{"start":{"line":25,"column":2},"end":{"line":27,"column":5}}},"fnMap":{"0":{"name":"find","decl":{"start":{"line":8,"column":15},"end":{"line":8,"column":19}},"loc":{"start":{"line":8,"column":53},"end":{"line":14,"column":null}}},"1":{"name":"update","decl":{"start":{"line":16,"column":15},"end":{"line":16,"column":21}},"loc":{"start":{"line":16,"column":57},"end":{"line":22,"column":null}}},"2":{"name":"remove","decl":{"start":{"line":24,"column":15},"end":{"line":24,"column":21}},"loc":{"start":{"line":24,"column":32},"end":{"line":28,"column":null}}}},"branchMap":{},"s":{"0":2,"1":2,"2":1,"3":1,"4":1},"f":{"0":2,"1":1,"2":1},"b":{}}
,"/home/mateus/Documents/Projetos/Projeto_20_battlePoke/battlePoke_API/src/repositories/userRepository.ts": {"path":"/home/mateus/Documents/Projetos/Projeto_20_battlePoke/battlePoke_API/src/repositories/userRepository.ts","statementMap":{"0":{"start":{"line":23,"column":15},"end":{"line":23,"column":49}},"1":{"start":{"line":24,"column":2},"end":{"line":24,"column":14}},"2":{"start":{"line":28,"column":15},"end":{"line":28,"column":65}},"3":{"start":{"line":29,"column":2},"end":{"line":29,"column":14}},"4":{"start":{"line":33,"column":15},"end":{"line":33,"column":62}},"5":{"start":{"line":34,"column":2},"end":{"line":34,"column":14}},"6":{"start":{"line":38,"column":18},"end":{"line":38,"column":66}},"7":{"start":{"line":39,"column":2},"end":{"line":39,"column":17}},"8":{"start":{"line":43,"column":18},"end":{"line":43,"column":71}},"9":{"start":{"line":44,"column":2},"end":{"line":44,"column":17}},"10":{"start":{"line":48,"column":2},"end":{"line":51,"column":5}}},"fnMap":{"0":{"name":"create","decl":{"start":{"line":22,"column":15},"end":{"line":22,"column":21}},"loc":{"start":{"line":22,"column":42},"end":{"line":25,"column":null}}},"1":{"name":"findByEmail","decl":{"start":{"line":27,"column":15},"end":{"line":27,"column":26}},"loc":{"start":{"line":27,"column":40},"end":{"line":30,"column":null}}},"2":{"name":"findById","decl":{"start":{"line":32,"column":15},"end":{"line":32,"column":23}},"loc":{"start":{"line":32,"column":34},"end":{"line":35,"column":null}}},"3":{"name":"sessionInsert","decl":{"start":{"line":37,"column":15},"end":{"line":37,"column":28}},"loc":{"start":{"line":37,"column":42},"end":{"line":40,"column":null}}},"4":{"name":"sessionFind","decl":{"start":{"line":42,"column":15},"end":{"line":42,"column":26}},"loc":{"start":{"line":42,"column":40},"end":{"line":45,"column":null}}},"5":{"name":"update","decl":{"start":{"line":47,"column":15},"end":{"line":47,"column":21}},"loc":{"start":{"line":47,"column":50},"end":{"line":52,"column":null}}}},"branchMap":{},"s":{"0":1,"1":1,"2":3,"3":3,"4":16,"5":16,"6":2,"7":2,"8":0,"9":0,"10":3},"f":{"0":1,"1":3,"2":16,"3":2,"4":0,"5":3},"b":{}}
,"/home/mateus/Documents/Projetos/Projeto_20_battlePoke/battlePoke_API/src/routers/battleRouter.ts": {"path":"/home/mateus/Documents/Projetos/Projeto_20_battlePoke/battlePoke_API/src/routers/battleRouter.ts","statementMap":{"0":{"start":{"line":8,"column":21},"end":{"line":8,"column":29}},"1":{"start":{"line":10,"column":0},"end":{"line":15,"column":2}},"2":{"start":{"line":17,"column":0},"end":{"line":22,"column":2}},"3":{"start":{"line":24,"column":0},"end":{"line":28,"column":2}},"4":{"start":{"line":30,"column":0},"end":{"line":34,"column":2}}},"fnMap":{},"branchMap":{},"s":{"0":1,"1":1,"2":1,"3":1,"4":1},"f":{},"b":{}}
,"/home/mateus/Documents/Projetos/Projeto_20_battlePoke/battlePoke_API/src/routers/cardRouter.ts": {"path":"/home/mateus/Documents/Projetos/Projeto_20_battlePoke/battlePoke_API/src/routers/cardRouter.ts","statementMap":{"0":{"start":{"line":7,"column":19},"end":{"line":7,"column":27}},"1":{"start":{"line":9,"column":0},"end":{"line":9,"column":77}},"2":{"start":{"line":11,"column":0},"end":{"line":15,"column":2}},"3":{"start":{"line":17,"column":0},"end":{"line":21,"column":2}},"4":{"start":{"line":23,"column":0},"end":{"line":27,"column":2}},"5":{"start":{"line":29,"column":0},"end":{"line":33,"column":2}},"6":{"start":{"line":35,"column":0},"end":{"line":39,"column":2}},"7":{"start":{"line":41,"column":0},"end":{"line":46,"column":2}},"8":{"start":{"line":48,"column":0},"end":{"line":52,"column":2}}},"fnMap":{},"branchMap":{},"s":{"0":1,"1":1,"2":1,"3":1,"4":1,"5":1,"6":1,"7":1,"8":1},"f":{},"b":{}}
,"/home/mateus/Documents/Projetos/Projeto_20_battlePoke/battlePoke_API/src/routers/index.ts": {"path":"/home/mateus/Documents/Projetos/Projeto_20_battlePoke/battlePoke_API/src/routers/index.ts","statementMap":{"0":{"start":{"line":6,"column":15},"end":{"line":6,"column":23}},"1":{"start":{"line":8,"column":0},"end":{"line":8,"column":23}},"2":{"start":{"line":9,"column":0},"end":{"line":9,"column":24}},"3":{"start":{"line":10,"column":0},"end":{"line":10,"column":25}}},"fnMap":{},"branchMap":{},"s":{"0":1,"1":1,"2":1,"3":1},"f":{},"b":{}}
,"/home/mateus/Documents/Projetos/Projeto_20_battlePoke/battlePoke_API/src/routers/userRouter.ts": {"path":"/home/mateus/Documents/Projetos/Projeto_20_battlePoke/battlePoke_API/src/routers/userRouter.ts","statementMap":{"0":{"start":{"line":8,"column":19},"end":{"line":8,"column":27}},"1":{"start":{"line":10,"column":0},"end":{"line":14,"column":2}},"2":{"start":{"line":15,"column":0},"end":{"line":19,"column":2}},"3":{"start":{"line":21,"column":0},"end":{"line":25,"column":2}},"4":{"start":{"line":27,"column":0},"end":{"line":31,"column":2}},"5":{"start":{"line":33,"column":0},"end":{"line":37,"column":2}}},"fnMap":{},"branchMap":{},"s":{"0":1,"1":1,"2":1,"3":1,"4":1,"5":1},"f":{},"b":{}}
,"/home/mateus/Documents/Projetos/Projeto_20_battlePoke/battlePoke_API/src/schemas/authSchema.ts": {"path":"/home/mateus/Documents/Projetos/Projeto_20_battlePoke/battlePoke_API/src/schemas/authSchema.ts","statementMap":{"0":{"start":{"line":3,"column":19},"end":{"line":6,"column":2}}},"fnMap":{},"branchMap":{},"s":{"0":1},"f":{},"b":{}}
,"/home/mateus/Documents/Projetos/Projeto_20_battlePoke/battlePoke_API/src/schemas/battleSchema.ts": {"path":"/home/mateus/Documents/Projetos/Projeto_20_battlePoke/battlePoke_API/src/schemas/battleSchema.ts","statementMap":{"0":{"start":{"line":3,"column":21},"end":{"line":6,"column":2}}},"fnMap":{},"branchMap":{},"s":{"0":1},"f":{},"b":{}}
,"/home/mateus/Documents/Projetos/Projeto_20_battlePoke/battlePoke_API/src/schemas/evolutionSchema.ts": {"path":"/home/mateus/Documents/Projetos/Projeto_20_battlePoke/battlePoke_API/src/schemas/evolutionSchema.ts","statementMap":{"0":{"start":{"line":3,"column":24},"end":{"line":5,"column":2}}},"fnMap":{},"branchMap":{},"s":{"0":1},"f":{},"b":{}}
,"/home/mateus/Documents/Projetos/Projeto_20_battlePoke/battlePoke_API/src/schemas/updateBattleSchema.ts": {"path":"/home/mateus/Documents/Projetos/Projeto_20_battlePoke/battlePoke_API/src/schemas/updateBattleSchema.ts","statementMap":{"0":{"start":{"line":3,"column":27},"end":{"line":7,"column":2}}},"fnMap":{},"branchMap":{},"s":{"0":1},"f":{},"b":{}}
,"/home/mateus/Documents/Projetos/Projeto_20_battlePoke/battlePoke_API/src/schemas/userSchema.ts": {"path":"/home/mateus/Documents/Projetos/Projeto_20_battlePoke/battlePoke_API/src/schemas/userSchema.ts","statementMap":{"0":{"start":{"line":3,"column":19},"end":{"line":8,"column":2}}},"fnMap":{},"branchMap":{},"s":{"0":1},"f":{},"b":{}}
,"/home/mateus/Documents/Projetos/Projeto_20_battlePoke/battlePoke_API/src/services/battleService.ts": {"path":"/home/mateus/Documents/Projetos/Projeto_20_battlePoke/battlePoke_API/src/services/battleService.ts","statementMap":{"0":{"start":{"line":14,"column":17},"end":{"line":14,"column":61}},"1":{"start":{"line":15,"column":2},"end":{"line":15,"column":63}},"2":{"start":{"line":17,"column":2},"end":{"line":17,"column":16}},"3":{"start":{"line":21,"column":17},"end":{"line":21,"column":52}},"4":{"start":{"line":22,"column":2},"end":{"line":22,"column":16}},"5":{"start":{"line":26,"column":18},"end":{"line":26,"column":59}},"6":{"start":{"line":27,"column":2},"end":{"line":27,"column":17}},"7":{"start":{"line":31,"column":17},"end":{"line":31,"column":56}},"8":{"start":{"line":33,"column":2},"end":{"line":36,"column":null}},"9":{"start":{"line":34,"column":17},"end":{"line":34,"column":58}},"10":{"start":{"line":35,"column":4},"end":{"line":35,"column":76}}},"fnMap":{"0":{"name":"create","decl":{"start":{"line":9,"column":15},"end":{"line":9,"column":21}},"loc":{"start":{"line":12,"column":28},"end":{"line":18,"column":null}}},"1":{"name":"findById","decl":{"start":{"line":20,"column":15},"end":{"line":20,"column":23}},"loc":{"start":{"line":20,"column":34},"end":{"line":23,"column":null}}},"2":{"name":"findByUser","decl":{"start":{"line":25,"column":15},"end":{"line":25,"column":25}},"loc":{"start":{"line":25,"column":40},"end":{"line":28,"column":null}}},"3":{"name":"update","decl":{"start":{"line":30,"column":15},"end":{"line":30,"column":21}},"loc":{"start":{"line":30,"column":52},"end":{"line":37,"column":null}}}},"branchMap":{"0":{"loc":{"start":{"line":33,"column":2},"end":{"line":36,"column":null}},"type":"if","locations":[{"start":{"line":33,"column":2},"end":{"line":36,"column":null}}]}},"s":{"0":1,"1":1,"2":1,"3":1,"4":1,"5":1,"6":1,"7":1,"8":1,"9":1,"10":1},"f":{"0":1,"1":1,"2":1,"3":1},"b":{"0":[1]}}
,"/home/mateus/Documents/Projetos/Projeto_20_battlePoke/battlePoke_API/src/services/cardService.ts": {"path":"/home/mateus/Documents/Projetos/Projeto_20_battlePoke/battlePoke_API/src/services/cardService.ts","statementMap":{"0":{"start":{"line":12,"column":16},"end":{"line":12,"column":55}},"1":{"start":{"line":13,"column":2},"end":{"line":13,"column":15}},"2":{"start":{"line":17,"column":16},"end":{"line":17,"column":43}},"3":{"start":{"line":18,"column":2},"end":{"line":18,"column":15}},"4":{"start":{"line":22,"column":58},"end":{"line":25,"column":null}},"5":{"start":{"line":24,"column":6},"end":{"line":24,"column":39}},"6":{"start":{"line":28,"column":2},"end":{"line":28,"column":60}},"7":{"start":{"line":32,"column":19},"end":{"line":32,"column":72}},"8":{"start":{"line":33,"column":2},"end":{"line":33,"column":18}},"9":{"start":{"line":37,"column":26},"end":{"line":38,"column":null}},"10":{"start":{"line":41,"column":14},"end":{"line":41,"column":16}},"11":{"start":{"line":43,"column":2},"end":{"line":46,"column":null}},"12":{"start":{"line":44,"column":17},"end":{"line":44,"column":71}},"13":{"start":{"line":45,"column":4},"end":{"line":45,"column":21}},"14":{"start":{"line":48,"column":2},"end":{"line":48,"column":15}},"15":{"start":{"line":52,"column":18},"end":{"line":52,"column":55}},"16":{"start":{"line":53,"column":2},"end":{"line":53,"column":17}},"17":{"start":{"line":57,"column":22},"end":{"line":57,"column":73}},"18":{"start":{"line":58,"column":39},"end":{"line":58,"column":79}},"19":{"start":{"line":59,"column":20},"end":{"line":59,"column":66}},"20":{"start":{"line":61,"column":2},"end":{"line":64,"column":4}},"21":{"start":{"line":66,"column":15},"end":{"line":66,"column":49}},"22":{"start":{"line":67,"column":2},"end":{"line":67,"column":67}},"23":{"start":{"line":69,"column":2},"end":{"line":69,"column":19}},"24":{"start":{"line":73,"column":22},"end":{"line":73,"column":73}},"25":{"start":{"line":75,"column":2},"end":{"line":75,"column":53}}},"fnMap":{"0":{"name":"findByUser","decl":{"start":{"line":11,"column":15},"end":{"line":11,"column":25}},"loc":{"start":{"line":11,"column":40},"end":{"line":14,"column":null}}},"1":{"name":"find","decl":{"start":{"line":16,"column":15},"end":{"line":16,"column":19}},"loc":{"start":{"line":16,"column":19},"end":{"line":19,"column":null}}},"2":{"name":"createPokemonUser","decl":{"start":{"line":21,"column":15},"end":{"line":21,"column":32}},"loc":{"start":{"line":21,"column":75},"end":{"line":29,"column":null}}},"3":{"name":"(anonymous_13)","decl":{"start":{"line":23,"column":4},"end":{"line":23,"column":5}},"loc":{"start":{"line":23,"column":11},"end":{"line":25,"column":5}}},"4":{"name":"findPokemonsByLevel","decl":{"start":{"line":31,"column":15},"end":{"line":31,"column":34}},"loc":{"start":{"line":31,"column":55},"end":{"line":34,"column":null}}},"5":{"name":"findByBattleId","decl":{"start":{"line":36,"column":15},"end":{"line":36,"column":29}},"loc":{"start":{"line":36,"column":46},"end":{"line":49,"column":null}}},"6":{"name":"findByName","decl":{"start":{"line":51,"column":15},"end":{"line":51,"column":25}},"loc":{"start":{"line":51,"column":38},"end":{"line":54,"column":null}}},"7":{"name":"evolution","decl":{"start":{"line":56,"column":15},"end":{"line":56,"column":24}},"loc":{"start":{"line":56,"column":58},"end":{"line":70,"column":null}}},"8":{"name":"remove","decl":{"start":{"line":72,"column":15},"end":{"line":72,"column":21}},"loc":{"start":{"line":72,"column":55},"end":{"line":76,"column":null}}}},"branchMap":{},"s":{"0":1,"1":1,"2":1,"3":1,"4":1,"5":1,"6":1,"7":1,"8":1,"9":1,"10":1,"11":1,"12":3,"13":3,"14":1,"15":1,"16":1,"17":1,"18":1,"19":1,"20":1,"21":1,"22":1,"23":1,"24":1,"25":1},"f":{"0":1,"1":1,"2":1,"3":1,"4":1,"5":1,"6":1,"7":1,"8":1},"b":{}}
,"/home/mateus/Documents/Projetos/Projeto_20_battlePoke/battlePoke_API/src/services/userService.ts": {"path":"/home/mateus/Documents/Projetos/Projeto_20_battlePoke/battlePoke_API/src/services/userService.ts","statementMap":{"0":{"start":{"line":15,"column":15},"end":{"line":15,"column":59}},"1":{"start":{"line":16,"column":2},"end":{"line":16,"column":62}},"2":{"start":{"line":16,"column":12},"end":{"line":16,"column":62}},"3":{"start":{"line":18,"column":2},"end":{"line":18,"column":62}},"4":{"start":{"line":20,"column":22},"end":{"line":22,"column":null}},"5":{"start":{"line":27,"column":15},"end":{"line":27,"column":47}},"6":{"start":{"line":29,"column":2},"end":{"line":29,"column":72}},"7":{"start":{"line":31,"column":21},"end":{"line":31,"column":53}},"8":{"start":{"line":32,"column":24},"end":{"line":35,"column":null}},"9":{"start":{"line":38,"column":2},"end":{"line":38,"column":44}},"10":{"start":{"line":39,"column":2},"end":{"line":39,"column":15}},"11":{"start":{"line":43,"column":15},"end":{"line":43,"column":54}},"12":{"start":{"line":44,"column":2},"end":{"line":44,"column":74}},"13":{"start":{"line":44,"column":13},"end":{"line":44,"column":74}},"14":{"start":{"line":46,"column":2},"end":{"line":46,"column":14}},"15":{"start":{"line":50,"column":15},"end":{"line":50,"column":48}},"16":{"start":{"line":51,"column":2},"end":{"line":51,"column":14}},"17":{"start":{"line":55,"column":2},"end":{"line":57,"column":null}},"18":{"start":{"line":56,"column":4},"end":{"line":56,"column":50}},"19":{"start":{"line":58,"column":2},"end":{"line":58,"column":59}}},"fnMap":{"0":{"name":"create","decl":{"start":{"line":14,"column":15},"end":{"line":14,"column":21}},"loc":{"start":{"line":14,"column":49},"end":{"line":24,"column":null}}},"1":{"name":"validUser","decl":{"start":{"line":26,"column":15},"end":{"line":26,"column":24}},"loc":{"start":{"line":26,"column":43},"end":{"line":40,"column":null}}},"2":{"name":"validEmailUser","decl":{"start":{"line":42,"column":15},"end":{"line":42,"column":29}},"loc":{"start":{"line":42,"column":43},"end":{"line":47,"column":null}}},"3":{"name":"findById","decl":{"start":{"line":49,"column":15},"end":{"line":49,"column":23}},"loc":{"start":{"line":49,"column":34},"end":{"line":52,"column":null}}},"4":{"name":"updateLevel","decl":{"start":{"line":54,"column":15},"end":{"line":54,"column":26}},"loc":{"start":{"line":54,"column":59},"end":{"line":59,"column":null}}}},"branchMap":{"0":{"loc":{"start":{"line":16,"column":2},"end":{"line":16,"column":62}},"type":"if","locations":[{"start":{"line":16,"column":2},"end":{"line":16,"column":62}}]},"1":{"loc":{"start":{"line":44,"column":2},"end":{"line":44,"column":74}},"type":"if","locations":[{"start":{"line":44,"column":2},"end":{"line":44,"column":74}}]},"2":{"loc":{"start":{"line":55,"column":2},"end":{"line":57,"column":null}},"type":"if","locations":[{"start":{"line":55,"column":2},"end":{"line":57,"column":null}}]},"3":{"loc":{"start":{"line":55,"column":6},"end":{"line":55,"column":55}},"type":"binary-expr","locations":[{"start":{"line":55,"column":6},"end":{"line":55,"column":29}},{"start":{"line":55,"column":33},"end":{"line":55,"column":55}}]}},"s":{"0":3,"1":3,"2":2,"3":1,"4":1,"5":2,"6":2,"7":2,"8":2,"9":2,"10":2,"11":2,"12":2,"13":0,"14":2,"15":17,"16":17,"17":1,"18":0,"19":1},"f":{"0":3,"1":2,"2":2,"3":17,"4":1},"b":{"0":[2],"1":[0],"2":[0],"3":[1,1]}}
,"/home/mateus/Documents/Projetos/Projeto_20_battlePoke/battlePoke_API/src/utils/encryptFunction.ts": {"path":"/home/mateus/Documents/Projetos/Projeto_20_battlePoke/battlePoke_API/src/utils/encryptFunction.ts","statementMap":{"0":{"start":{"line":5,"column":20},"end":{"line":5,"column":45}},"1":{"start":{"line":6,"column":2},"end":{"line":6,"column":19}},"2":{"start":{"line":10,"column":16},"end":{"line":10,"column":48}},"3":{"start":{"line":11,"column":2},"end":{"line":11,"column":67}},"4":{"start":{"line":11,"column":14},"end":{"line":11,"column":67}},"5":{"start":{"line":14,"column":25},"end":{"line":17,"column":2}}},"fnMap":{"0":{"name":"encryptData","decl":{"start":{"line":4,"column":9},"end":{"line":4,"column":20}},"loc":{"start":{"line":4,"column":33},"end":{"line":7,"column":1}}},"1":{"name":"compareEncrypted","decl":{"start":{"line":9,"column":15},"end":{"line":9,"column":31}},"loc":{"start":{"line":9,"column":58},"end":{"line":12,"column":null}}}},"branchMap":{"0":{"loc":{"start":{"line":11,"column":2},"end":{"line":11,"column":67}},"type":"if","locations":[{"start":{"line":11,"column":2},"end":{"line":11,"column":67}}]}},"s":{"0":18,"1":18,"2":2,"3":2,"4":0,"5":2},"f":{"0":18,"1":2},"b":{"0":[0]}}
,"/home/mateus/Documents/Projetos/Projeto_20_battlePoke/battlePoke_API/src/utils/errorFunctions.ts": {"path":"/home/mateus/Documents/Projetos/Projeto_20_battlePoke/battlePoke_API/src/utils/errorFunctions.ts","statementMap":{"0":{"start":{"line":4,"column":2},"end":{"line":4,"column":83}},"1":{"start":{"line":4,"column":40},"end":{"line":4,"column":83}},"2":{"start":{"line":5,"column":2},"end":{"line":5,"column":79}},"3":{"start":{"line":5,"column":36},"end":{"line":5,"column":79}},"4":{"start":{"line":6,"column":2},"end":{"line":6,"column":80}},"5":{"start":{"line":6,"column":37},"end":{"line":6,"column":80}},"6":{"start":{"line":7,"column":2},"end":{"line":7,"column":82}},"7":{"start":{"line":7,"column":39},"end":{"line":7,"column":82}},"8":{"start":{"line":9,"column":2},"end":{"line":9,"column":21}},"9":{"start":{"line":10,"column":2},"end":{"line":10,"column":29}},"10":{"start":{"line":14,"column":2},"end":{"line":17,"column":4}},"11":{"start":{"line":21,"column":2},"end":{"line":24,"column":4}},"12":{"start":{"line":28,"column":2},"end":{"line":31,"column":4}},"13":{"start":{"line":35,"column":2},"end":{"line":38,"column":4}}},"fnMap":{"0":{"name":"errorHandlingMiddleware","decl":{"start":{"line":3,"column":9},"end":{"line":3,"column":32}},"loc":{"start":{"line":3,"column":92},"end":{"line":11,"column":1}}},"1":{"name":"notFoundError","decl":{"start":{"line":13,"column":9},"end":{"line":13,"column":22}},"loc":{"start":{"line":13,"column":37},"end":{"line":18,"column":1}}},"2":{"name":"conflictRequestError","decl":{"start":{"line":20,"column":9},"end":{"line":20,"column":29}},"loc":{"start":{"line":20,"column":44},"end":{"line":25,"column":1}}},"3":{"name":"badRequestError","decl":{"start":{"line":27,"column":9},"end":{"line":27,"column":24}},"loc":{"start":{"line":27,"column":39},"end":{"line":32,"column":1}}},"4":{"name":"unauthorizedError","decl":{"start":{"line":34,"column":9},"end":{"line":34,"column":26}},"loc":{"start":{"line":34,"column":41},"end":{"line":39,"column":1}}}},"branchMap":{"0":{"loc":{"start":{"line":4,"column":2},"end":{"line":4,"column":83}},"type":"if","locations":[{"start":{"line":4,"column":2},"end":{"line":4,"column":83}}]},"1":{"loc":{"start":{"line":5,"column":2},"end":{"line":5,"column":79}},"type":"if","locations":[{"start":{"line":5,"column":2},"end":{"line":5,"column":79}}]},"2":{"loc":{"start":{"line":6,"column":2},"end":{"line":6,"column":80}},"type":"if","locations":[{"start":{"line":6,"column":2},"end":{"line":6,"column":80}}]},"3":{"loc":{"start":{"line":7,"column":2},"end":{"line":7,"column":82}},"type":"if","locations":[{"start":{"line":7,"column":2},"end":{"line":7,"column":82}}]}},"s":{"0":0,"1":0,"2":0,"3":0,"4":0,"5":0,"6":0,"7":0,"8":0,"9":0,"10":0,"11":4,"12":0,"13":0},"f":{"0":0,"1":0,"2":4,"3":0,"4":0},"b":{"0":[0],"1":[0],"2":[0],"3":[0]}}
,"/home/mateus/Documents/Projetos/Projeto_20_battlePoke/battlePoke_API/tests/factories/battleFactory.ts": {"path":"/home/mateus/Documents/Projetos/Projeto_20_battlePoke/battlePoke_API/tests/factories/battleFactory.ts","statementMap":{"0":{"start":{"line":5,"column":2},"end":{"line":5,"column":43}},"1":{"start":{"line":9,"column":17},"end":{"line":16,"column":4}},"2":{"start":{"line":18,"column":19},"end":{"line":18,"column":56}},"3":{"start":{"line":20,"column":2},"end":{"line":26,"column":5}},"4":{"start":{"line":28,"column":2},"end":{"line":28,"column":16}}},"fnMap":{"0":{"name":"randomLevel","decl":{"start":{"line":4,"column":9},"end":{"line":4,"column":20}},"loc":{"start":{"line":4,"column":20},"end":{"line":6,"column":1}}},"1":{"name":"createBattle","decl":{"start":{"line":8,"column":15},"end":{"line":8,"column":27}},"loc":{"start":{"line":8,"column":42},"end":{"line":29,"column":null}}}},"branchMap":{},"s":{"0":6,"1":4,"2":4,"3":4,"4":4},"f":{"0":6,"1":4},"b":{}}
,"/home/mateus/Documents/Projetos/Projeto_20_battlePoke/battlePoke_API/tests/factories/pokemonsFactory.ts": {"path":"/home/mateus/Documents/Projetos/Projeto_20_battlePoke/battlePoke_API/tests/factories/pokemonsFactory.ts","statementMap":{"0":{"start":{"line":4,"column":19},"end":{"line":4,"column":50}},"1":{"start":{"line":6,"column":2},"end":{"line":6,"column":29}},"2":{"start":{"line":10,"column":18},"end":{"line":12,"column":4}},"3":{"start":{"line":14,"column":2},"end":{"line":19,"column":5}},"4":{"start":{"line":21,"column":2},"end":{"line":21,"column":17}}},"fnMap":{"0":{"name":"findPokemons","decl":{"start":{"line":3,"column":15},"end":{"line":3,"column":27}},"loc":{"start":{"line":3,"column":39},"end":{"line":7,"column":null}}},"1":{"name":"createPokemonUser","decl":{"start":{"line":9,"column":15},"end":{"line":9,"column":32}},"loc":{"start":{"line":9,"column":68},"end":{"line":22,"column":null}}}},"branchMap":{},"s":{"0":5,"1":5,"2":2,"3":2,"4":2},"f":{"0":5,"1":2},"b":{}}
,"/home/mateus/Documents/Projetos/Projeto_20_battlePoke/battlePoke_API/tests/factories/userFactory.ts": {"path":"/home/mateus/Documents/Projetos/Projeto_20_battlePoke/battlePoke_API/tests/factories/userFactory.ts","statementMap":{"0":{"start":{"line":6,"column":15},"end":{"line":10,"column":1}},"1":{"start":{"line":7,"column":2},"end":{"line":9,"column":4}},"2":{"start":{"line":13,"column":2},"end":{"line":19,"column":4}},"3":{"start":{"line":23,"column":26},"end":{"line":23,"column":48}},"4":{"start":{"line":25,"column":23},"end":{"line":25,"column":77}},"5":{"start":{"line":27,"column":22},"end":{"line":33,"column":4}},"6":{"start":{"line":35,"column":2},"end":{"line":38,"column":null}},"7":{"start":{"line":43,"column":15},"end":{"line":43,"column":39}},"8":{"start":{"line":45,"column":21},"end":{"line":45,"column":53}},"9":{"start":{"line":46,"column":24},"end":{"line":49,"column":null}},"10":{"start":{"line":52,"column":2},"end":{"line":54,"column":5}},"11":{"start":{"line":56,"column":2},"end":{"line":56,"column":51}}},"fnMap":{"0":{"name":"(anonymous_7)","decl":{"start":{"line":6,"column":15},"end":{"line":6,"column":16}},"loc":{"start":{"line":6,"column":33},"end":{"line":10,"column":1}}},"1":{"name":"createUserInsertData","decl":{"start":{"line":12,"column":9},"end":{"line":12,"column":29}},"loc":{"start":{"line":12,"column":45},"end":{"line":20,"column":1}}},"2":{"name":"createUser","decl":{"start":{"line":22,"column":15},"end":{"line":22,"column":25}},"loc":{"start":{"line":22,"column":41},"end":{"line":40,"column":null}}},"3":{"name":"createLogin","decl":{"start":{"line":42,"column":15},"end":{"line":42,"column":26}},"loc":{"start":{"line":42,"column":42},"end":{"line":57,"column":null}}}},"branchMap":{"0":{"loc":{"start":{"line":17,"column":12},"end":{"line":17,"column":23}},"type":"binary-expr","locations":[{"start":{"line":17,"column":12},"end":{"line":17,"column":18}},{"start":{"line":17,"column":22},"end":{"line":17,"column":23}}]}},"s":{"0":2,"1":14,"2":20,"3":17,"4":17,"5":17,"6":17,"7":14,"8":14,"9":14,"10":14,"11":14},"f":{"0":14,"1":20,"2":17,"3":14},"b":{"0":[20,20]}}
}
