TN:
SF:src/app.ts
FNF:0
FNH:0
DA:8,1
DA:10,1
DA:11,1
DA:12,1
DA:14,1
LF:5
LH:5
BRF:0
BRH:0
end_of_record
TN:
SF:src/database.ts
FNF:0
FNH:0
DA:3,2
DA:4,2
LF:2
LH:2
BRF:0
BRH:0
end_of_record
TN:
SF:src/setup.ts
FNF:0
FNH:0
DA:2,1
LF:1
LH:1
BRF:0
BRH:0
end_of_record
TN:
SF:src/controllers/battleController.ts
FN:4,create
FN:12,findById
FN:19,findByUser
FN:26,update
FNF:4
FNH:0
FNDA:0,create
FNDA:0,findById
FNDA:0,findByUser
FNDA:0,update
DA:5,0
DA:6,0
DA:8,0
DA:9,0
DA:13,0
DA:15,0
DA:16,0
DA:20,0
DA:22,0
DA:23,0
DA:27,0
DA:28,0
DA:30,0
DA:31,0
LF:14
LH:0
BRF:0
BRH:0
end_of_record
TN:
SF:src/controllers/cardController.ts
FN:6,findByUser
FN:13,find
FN:18,createPokemonUser
FN:26,findPokemonsByLevel
FN:33,findByBattleId
FNF:5
FNH:5
FNDA:1,findByUser
FNDA:1,find
FNDA:1,createPokemonUser
FNDA:1,findPokemonsByLevel
FNDA:1,findByBattleId
DA:7,1
DA:8,1
DA:10,1
DA:14,1
DA:15,1
DA:19,1
DA:20,1
DA:22,1
DA:23,1
DA:27,1
DA:29,1
DA:30,1
DA:34,1
DA:36,1
DA:37,1
LF:15
LH:15
BRF:0
BRH:0
end_of_record
TN:
SF:src/controllers/userController.ts
FN:5,create
FN:12,valid
FN:19,findByIdOrFail
FN:26,responseToken
FN:30,updateLevel
FNF:5
FNH:3
FNDA:1,create
FNDA:2,valid
FNDA:1,findByIdOrFail
FNDA:0,responseToken
FNDA:0,updateLevel
DA:6,1
DA:7,1
DA:9,1
DA:13,2
DA:14,2
DA:16,2
DA:20,1
DA:21,1
DA:23,1
DA:27,0
DA:31,0
DA:32,0
DA:34,0
DA:35,0
LF:14
LH:9
BRDA:21,0,0,0
BRF:1
BRH:0
end_of_record
TN:
SF:src/middlewares/ensureAuthenticatedMiddleware.ts
FN:6,ensureAuthenticatedMiddleware
FNF:1
FNH:1
FNDA:6,ensureAuthenticatedMiddleware
DA:11,6
DA:12,6
DA:13,0
DA:15,6
DA:16,6
DA:18,6
DA:19,6
DA:22,6
DA:23,6
DA:25,6
DA:27,0
LF:11
LH:9
BRDA:12,0,0,0
BRDA:16,1,0,0
BRF:2
BRH:0
end_of_record
TN:
SF:src/middlewares/validateSchemaMiddleware.ts
FN:4,validateSchemaMiddleware
FN:5,(anonymous_1)
FNF:2
FNH:2
FNDA:4,validateSchemaMiddleware
FNDA:3,(anonymous_1)
DA:5,4
DA:6,3
DA:7,3
DA:8,0
DA:11,3
LF:5
LH:4
BRDA:7,0,0,0
BRF:1
BRH:0
end_of_record
TN:
SF:src/repositories/battlePokemonRepository.ts
FN:3,create
FN:4,(anonymous_9)
FN:9,findByBattleId
FNF:3
FNH:1
FNDA:0,create
FNDA:0,(anonymous_9)
FNDA:1,findByBattleId
DA:4,0
DA:6,0
DA:10,1
DA:13,1
LF:4
LH:2
BRF:0
BRH:0
end_of_record
TN:
SF:src/repositories/battleRepository.ts
FN:10,create
FN:23,update
FN:30,findById
FN:35,findByUser
FNF:4
FNH:0
FNDA:0,create
FNDA:0,update
FNDA:0,findById
FNDA:0,findByUser
DA:11,0
DA:20,0
DA:24,0
DA:31,0
DA:32,0
DA:36,0
DA:37,0
LF:7
LH:0
BRF:0
BRH:0
end_of_record
TN:
SF:src/repositories/cardRepository.ts
FN:15,formatPokemons
FN:16,(anonymous_8)
FN:26,(anonymous_9)
FN:33,find
FN:48,findById
FN:64,findByUser
FN:86,(anonymous_16)
FN:92,createPokemonUser
FN:96,findPokemonsBattleByLevel
FN:113,(anonymous_21)
FNF:10
FNH:10
FNDA:6,formatPokemons
FNDA:24,(anonymous_8)
FNDA:31,(anonymous_9)
FNDA:1,find
FNDA:3,findById
FNDA:1,findByUser
FNDA:1,(anonymous_16)
FNDA:1,createPokemonUser
FNDA:1,findPokemonsBattleByLevel
FNDA:3,(anonymous_21)
DA:16,24
DA:26,31
DA:30,6
DA:34,1
DA:45,1
DA:49,3
DA:61,3
DA:65,1
DA:85,1
DA:86,1
DA:89,1
DA:93,1
DA:97,1
DA:113,3
DA:114,1
LF:15
LH:15
BRF:0
BRH:0
end_of_record
TN:
SF:src/repositories/userRepository.ts
FN:11,create
FN:16,findByEmail
FN:21,findById
FN:26,sessionInsert
FN:31,sessionFind
FN:36,updateLevel
FNF:6
FNH:4
FNDA:1,create
FNDA:3,findByEmail
FNDA:6,findById
FNDA:2,sessionInsert
FNDA:0,sessionFind
FNDA:0,updateLevel
DA:12,1
DA:13,1
DA:17,3
DA:18,3
DA:22,6
DA:23,6
DA:27,2
DA:28,2
DA:32,0
DA:33,0
DA:37,0
LF:11
LH:8
BRF:0
BRH:0
end_of_record
TN:
SF:src/routers/battleRouter.ts
FNF:0
FNH:0
DA:8,1
DA:10,1
DA:17,1
DA:24,1
DA:30,1
LF:5
LH:5
BRF:0
BRH:0
end_of_record
TN:
SF:src/routers/cardRouter.ts
FNF:0
FNH:0
DA:5,1
DA:7,1
DA:9,1
DA:15,1
DA:21,1
DA:27,1
LF:6
LH:6
BRF:0
BRH:0
end_of_record
TN:
SF:src/routers/index.ts
FNF:0
FNH:0
DA:6,1
DA:8,1
DA:9,1
DA:10,1
LF:4
LH:4
BRF:0
BRH:0
end_of_record
TN:
SF:src/routers/userRouter.ts
FNF:0
FNH:0
DA:8,1
DA:10,1
DA:15,1
DA:21,1
DA:27,1
DA:33,1
LF:6
LH:6
BRF:0
BRH:0
end_of_record
TN:
SF:src/schemas/authSchema.ts
FNF:0
FNH:0
DA:3,1
LF:1
LH:1
BRF:0
BRH:0
end_of_record
TN:
SF:src/schemas/battleSchema.ts
FNF:0
FNH:0
DA:3,1
LF:1
LH:1
BRF:0
BRH:0
end_of_record
TN:
SF:src/schemas/updateBattleSchema.ts
FNF:0
FNH:0
DA:3,1
LF:1
LH:1
BRF:0
BRH:0
end_of_record
TN:
SF:src/schemas/userSchema.ts
FNF:0
FNH:0
DA:3,1
LF:1
LH:1
BRF:0
BRH:0
end_of_record
TN:
SF:src/services/battleService.ts
FN:7,create
FN:18,findById
FN:23,findByUser
FN:28,update
FNF:4
FNH:0
FNDA:0,create
FNDA:0,findById
FNDA:0,findByUser
FNDA:0,update
DA:12,0
DA:13,0
DA:15,0
DA:19,0
DA:20,0
DA:24,0
DA:25,0
DA:29,0
LF:8
LH:0
BRF:0
BRH:0
end_of_record
TN:
SF:src/services/cardService.ts
FN:8,findByUser
FN:13,find
FN:18,createPokemonUser
FN:20,(anonymous_13)
FN:28,findPokemonsByLevel
FN:33,findByBattleId
FNF:6
FNH:6
FNDA:1,findByUser
FNDA:1,find
FNDA:1,createPokemonUser
FNDA:1,(anonymous_13)
FNDA:1,findPokemonsByLevel
FNDA:1,findByBattleId
DA:9,1
DA:10,1
DA:14,1
DA:15,1
DA:19,1
DA:21,1
DA:25,1
DA:29,1
DA:30,1
DA:34,1
DA:38,1
DA:40,1
DA:41,3
DA:42,3
DA:45,1
LF:15
LH:15
BRF:0
BRH:0
end_of_record
TN:
SF:src/services/userService.ts
FN:14,create
FN:26,validUser
FN:42,validEmailUser
FN:49,findByIdOrFail
FN:56,findById
FN:61,updateLevel
FNF:6
FNH:4
FNDA:3,create
FNDA:2,validUser
FNDA:2,validEmailUser
FNDA:0,findByIdOrFail
FNDA:7,findById
FNDA:0,updateLevel
DA:15,3
DA:16,3
DA:18,1
DA:20,1
DA:27,2
DA:29,2
DA:31,2
DA:32,2
DA:38,2
DA:39,2
DA:43,2
DA:44,2
DA:46,2
DA:50,0
DA:51,0
DA:53,0
DA:57,7
DA:58,7
DA:62,0
DA:63,0
DA:65,0
LF:21
LH:15
BRDA:16,0,0,2
BRDA:44,1,0,0
BRDA:51,2,0,0
BRDA:62,3,0,0
BRDA:62,4,0,0
BRDA:62,4,1,0
BRF:6
BRH:1
end_of_record
TN:
SF:src/utils/encryptFunction.ts
FN:4,encryptData
FN:9,compareEncrypted
FNF:2
FNH:2
FNDA:10,encryptData
FNDA:2,compareEncrypted
DA:5,10
DA:6,10
DA:10,2
DA:11,2
DA:14,2
LF:5
LH:5
BRDA:11,0,0,0
BRF:1
BRH:0
end_of_record
TN:
SF:src/utils/errorFunctions.ts
FN:3,errorHandlingMiddleware
FN:13,notFoundError
FN:20,conflictRequestError
FN:27,badRequestError
FN:34,unauthorizedError
FNF:5
FNH:1
FNDA:0,errorHandlingMiddleware
FNDA:0,notFoundError
FNDA:4,conflictRequestError
FNDA:0,badRequestError
FNDA:0,unauthorizedError
DA:4,0
DA:5,0
DA:6,0
DA:7,0
DA:9,0
DA:10,0
DA:14,0
DA:21,4
DA:28,0
DA:35,0
LF:10
LH:1
BRDA:4,0,0,0
BRDA:5,1,0,0
BRDA:6,2,0,0
BRDA:7,3,0,0
BRF:4
BRH:0
end_of_record
TN:
SF:tests/factories/battleFactory.ts
FN:3,randomLevel
FN:7,createBattle
FNF:2
FNH:2
FNDA:2,randomLevel
FNDA:1,createBattle
DA:4,2
DA:8,1
DA:17,1
DA:19,1
DA:27,1
LF:5
LH:5
BRF:0
BRH:0
end_of_record
TN:
SF:tests/factories/userFactory.ts
FN:6,(anonymous_7)
FN:12,createUserInsertData
FN:21,createUser
FN:41,createLogin
FNF:4
FNH:4
FNDA:6,(anonymous_7)
FNDA:12,createUserInsertData
FNDA:9,createUser
FNDA:6,createLogin
DA:6,2
DA:7,6
DA:13,12
DA:22,9
DA:24,9
DA:26,9
DA:34,9
DA:42,6
DA:44,6
DA:45,6
DA:47,6
DA:51,6
LF:12
LH:12
BRF:0
BRH:0
end_of_record
