TN:
SF:src/app.ts
FNF:0
FNH:0
DA:8,1
DA:9,1
DA:10,1
DA:11,1
DA:12,1
LF:5
LH:5
BRF:0
BRH:0
end_of_record
TN:
SF:src/database.ts
FNF:0
FNH:0
DA:3,2
DA:4,2
LF:2
LH:2
BRF:0
BRH:0
end_of_record
TN:
SF:src/setup.ts
FNF:0
FNH:0
DA:2,1
LF:1
LH:1
BRF:0
BRH:0
end_of_record
TN:
SF:src/controllers/userController.ts
FN:5,create
FN:12,valid
FN:19,responseToken
FNF:3
FNH:2
FNDA:1,create
FNDA:2,valid
FNDA:0,responseToken
DA:6,1
DA:7,1
DA:9,1
DA:13,2
DA:14,2
DA:16,2
DA:20,0
LF:7
LH:6
BRF:0
BRH:0
end_of_record
TN:
SF:src/middlewares/ensureAuthenticatedMiddleware.ts
FN:6,ensureAuthenticatedMiddleware
FNF:1
FNH:0
FNDA:0,ensureAuthenticatedMiddleware
DA:11,0
DA:12,0
DA:13,0
DA:15,0
DA:16,0
DA:18,0
DA:19,0
DA:22,0
DA:23,0
DA:25,0
DA:27,0
LF:11
LH:0
BRDA:12,0,0,0
BRDA:16,1,0,0
BRF:2
BRH:0
end_of_record
TN:
SF:src/middlewares/validateSchemaMiddleware.ts
FN:4,validateSchemaMiddleware
FN:5,(anonymous_1)
FNF:2
FNH:2
FNDA:2,validateSchemaMiddleware
FNDA:3,(anonymous_1)
DA:5,2
DA:6,3
DA:7,3
DA:8,0
DA:11,3
LF:5
LH:4
BRDA:7,0,0,0
BRF:1
BRH:0
end_of_record
TN:
SF:src/repositories/userRepository.ts
FN:11,create
FN:16,findByEmail
FN:21,findById
FN:26,sessionInsert
FN:31,sessionFind
FNF:5
FNH:3
FNDA:1,create
FNDA:3,findByEmail
FNDA:0,findById
FNDA:2,sessionInsert
FNDA:0,sessionFind
DA:12,1
DA:13,1
DA:17,3
DA:18,3
DA:22,0
DA:23,0
DA:27,2
DA:28,2
DA:32,0
DA:33,0
LF:10
LH:6
BRF:0
BRH:0
end_of_record
TN:
SF:src/routers/index.ts
FNF:0
FNH:0
DA:4,1
DA:6,1
LF:2
LH:2
BRF:0
BRH:0
end_of_record
TN:
SF:src/routers/userRouter.ts
FNF:0
FNH:0
DA:8,1
DA:10,1
DA:12,1
DA:18,1
LF:4
LH:4
BRF:0
BRH:0
end_of_record
TN:
SF:src/schemas/authSchema.ts
FNF:0
FNH:0
DA:3,1
LF:1
LH:1
BRF:0
BRH:0
end_of_record
TN:
SF:src/schemas/userSchema.ts
FNF:0
FNH:0
DA:3,1
LF:1
LH:1
BRF:0
BRH:0
end_of_record
TN:
SF:src/services/userService.ts
FN:9,create
FN:21,validUser
FN:33,validEmailUser
FN:40,findById
FNF:4
FNH:4
FNDA:3,create
FNDA:2,validUser
FNDA:2,validEmailUser
FNDA:1,findById
DA:10,3
DA:11,3
DA:13,1
DA:15,1
DA:22,2
DA:24,2
DA:26,2
DA:27,2
DA:29,2
DA:30,2
DA:34,2
DA:35,2
DA:37,2
DA:41,1
DA:42,1
LF:15
LH:15
BRDA:11,0,0,2
BRDA:35,1,0,0
BRF:2
BRH:1
end_of_record
TN:
SF:src/utils/encryptFunction.ts
FN:4,encryptData
FN:9,compareEncrypted
FNF:2
FNH:2
FNDA:4,encryptData
FNDA:2,compareEncrypted
DA:5,4
DA:6,4
DA:10,2
DA:11,2
DA:14,2
LF:5
LH:5
BRDA:11,0,0,0
BRF:1
BRH:0
end_of_record
TN:
SF:src/utils/errorFunctions.ts
FN:3,errorHandlingMiddleware
FN:13,notFoundError
FN:20,conflictRequestError
FN:27,badRequestError
FN:34,unauthorizedError
FNF:5
FNH:1
FNDA:0,errorHandlingMiddleware
FNDA:0,notFoundError
FNDA:4,conflictRequestError
FNDA:0,badRequestError
FNDA:0,unauthorizedError
DA:4,0
DA:5,0
DA:6,0
DA:7,0
DA:9,0
DA:10,0
DA:14,0
DA:21,4
DA:28,0
DA:35,0
LF:10
LH:1
BRDA:4,0,0,0
BRDA:5,1,0,0
BRDA:6,2,0,0
BRDA:7,3,0,0
BRF:4
BRH:0
end_of_record
TN:
SF:tests/factories/userFactory.ts
FN:5,createUserInsertData
FN:14,createUser
FNF:2
FNH:2
FNDA:6,createUserInsertData
FNDA:3,createUser
DA:6,6
DA:15,3
DA:17,3
DA:19,3
DA:27,3
LF:5
LH:5
BRF:0
BRH:0
end_of_record
